<?xml version="1.0" encoding="UTF-8"?>
<!-- Generated by org.testng.reporters.JUnitXMLReporter -->
<testsuite hostname="DESKTOP-63O5155" name="Default test(failed)" tests="1" failures="1" timestamp="26 Sep 2023 07:10:18 GMT" time="0.013" errors="0">
  <testcase name="tets4" time="0.006" classname="org.datas.a">
    <failure type="junit.framework.AssertionFailedError">
      <![CDATA[junit.framework.AssertionFailedError
	at junit.framework.Assert.fail(Assert.java:55)
	at junit.framework.Assert.assertTrue(Assert.java:22)
	at junit.framework.Assert.assertTrue(Assert.java:31)
	at org.datas.a.tets4(a.java:26)
... Removed 24 stack frames]]>
    </failure>
  </testcase> <!-- tets4 -->
</testsuite> <!-- Default test(failed) -->
