<?xml version="1.0" encoding="UTF-8"?>
<!-- Generated by org.testng.reporters.JUnitXMLReporter -->
<testsuite hostname="DESKTOP-63O5155" name="Default test" tests="4" failures="1" timestamp="26 Sep 2023 07:10:18 GMT" time="0.186" errors="0">
  <testcase name="tets1" time="0.05" classname="org.datas.a"/>
  <testcase name="tets2" time="0.007" classname="org.datas.a"/>
  <testcase name="tets3" time="0.015" classname="org.datas.a"/>
  <testcase name="tets4" time="0.014" classname="org.datas.a">
    <failure type="junit.framework.AssertionFailedError">
      <![CDATA[junit.framework.AssertionFailedError
	at junit.framework.Assert.fail(Assert.java:55)
	at junit.framework.Assert.assertTrue(Assert.java:22)
	at junit.framework.Assert.assertTrue(Assert.java:31)
	at org.datas.a.tets4(a.java:26)
... Removed 24 stack frames]]>
    </failure>
  </testcase> <!-- tets4 -->
</testsuite> <!-- Default test -->
