<?xml version="1.0" encoding="UTF-8"?>
<testng-results skipped="0" failed="0" total="1" passed="1">
  <reporter-output>
  </reporter-output>
  <suite name="Default suite" duration-ms="45596" started-at="2023-10-05T07:55:45Z" finished-at="2023-10-05T07:56:31Z">
    <groups>
    </groups>
    <test name="Default test" duration-ms="45596" started-at="2023-10-05T07:55:45Z" finished-at="2023-10-05T07:56:31Z">
      <class name="org.pricesAndNames.Flipkart">
        <test-method status="PASS" signature="beforeClass()[pri:0, instance:org.pricesAndNames.Flipkart@100df86]" name="beforeClass" is-config="true" duration-ms="24007" started-at="2023-10-05T13:25:45Z" finished-at="2023-10-05T13:26:09Z">
          <reporter-output>
          </reporter-output>
        </test-method> <!-- beforeClass -->
        <test-method status="PASS" signature="searchPage()[pri:0, instance:org.pricesAndNames.Flipkart@100df86]" name="searchPage" duration-ms="20120" started-at="2023-10-05T13:26:10Z" finished-at="2023-10-05T13:26:30Z">
          <reporter-output>
          </reporter-output>
        </test-method> <!-- searchPage -->
        <test-method status="PASS" signature="afterClass()[pri:0, instance:org.pricesAndNames.Flipkart@100df86]" name="afterClass" is-config="true" duration-ms="1409" started-at="2023-10-05T13:26:30Z" finished-at="2023-10-05T13:26:31Z">
          <reporter-output>
          </reporter-output>
        </test-method> <!-- afterClass -->
      </class> <!-- org.pricesAndNames.Flipkart -->
    </test> <!-- Default test -->
  </suite> <!-- Default suite -->
</testng-results>
