<?xml version="1.0" encoding="UTF-8"?>
<testng-results skipped="0" failed="0" total="1" passed="1">
  <reporter-output>
  </reporter-output>
  <suite name="Default suite" duration-ms="35233" started-at="2023-10-04T15:26:10Z" finished-at="2023-10-04T15:26:45Z">
    <groups>
    </groups>
    <test name="Default test" duration-ms="35233" started-at="2023-10-04T15:26:10Z" finished-at="2023-10-04T15:26:45Z">
      <class name="org.pricesAndNames.Flipkart">
        <test-method status="PASS" signature="beforeClass()[pri:0, instance:org.pricesAndNames.Flipkart@100df86]" name="beforeClass" is-config="true" duration-ms="18987" started-at="2023-10-04T20:56:10Z" finished-at="2023-10-04T20:56:29Z">
          <reporter-output>
          </reporter-output>
        </test-method> <!-- beforeClass -->
        <test-method status="PASS" signature="searchPage()[pri:0, instance:org.pricesAndNames.Flipkart@100df86]" name="searchPage" duration-ms="14781" started-at="2023-10-04T20:56:29Z" finished-at="2023-10-04T20:56:44Z">
          <reporter-output>
          </reporter-output>
        </test-method> <!-- searchPage -->
        <test-method status="PASS" signature="afterClass()[pri:0, instance:org.pricesAndNames.Flipkart@100df86]" name="afterClass" is-config="true" duration-ms="1419" started-at="2023-10-04T20:56:44Z" finished-at="2023-10-04T20:56:45Z">
          <reporter-output>
          </reporter-output>
        </test-method> <!-- afterClass -->
      </class> <!-- org.pricesAndNames.Flipkart -->
    </test> <!-- Default test -->
  </suite> <!-- Default suite -->
</testng-results>
